Start testing: May 04 19:07 +04
----------------------------------------------------------
1/5 Testing: host_candidates_test
1/5 Test: host_candidates_test
Command: "/home/grey_0ne/Work/Projects/BreachTeam_Commando/build/host_candidates_test"
Directory: /home/grey_0ne/Work/Projects/BreachTeam_Commando/build
"host_candidates_test" start time: May 04 19:07 +04
Output:
----------------------------------------------------------
<end of output>
Test time =   0.00 sec
----------------------------------------------------------
Test Passed.
"host_candidates_test" end time: May 04 19:07 +04
"host_candidates_test" time elapsed: 00:00:00
----------------------------------------------------------

2/5 Testing: protocol_test
2/5 Test: protocol_test
Command: "/home/grey_0ne/Work/Projects/BreachTeam_Commando/build/protocol_test"
Directory: /home/grey_0ne/Work/Projects/BreachTeam_Commando/build
"protocol_test" start time: May 04 19:07 +04
Output:
----------------------------------------------------------
<end of output>
Test time =   0.00 sec
----------------------------------------------------------
Test Passed.
"protocol_test" end time: May 04 19:07 +04
"protocol_test" time elapsed: 00:00:00
----------------------------------------------------------

3/5 Testing: migration_manager_test
3/5 Test: migration_manager_test
Command: "/home/grey_0ne/Work/Projects/BreachTeam_Commando/build/migration_manager_test"
Directory: /home/grey_0ne/Work/Projects/BreachTeam_Commando/build
"migration_manager_test" start time: May 04 19:07 +04
Output:
----------------------------------------------------------
<end of output>
Test time =   0.00 sec
----------------------------------------------------------
Test Passed.
"migration_manager_test" end time: May 04 19:07 +04
"migration_manager_test" time elapsed: 00:00:00
----------------------------------------------------------

4/5 Testing: bootstrap_client_test
4/5 Test: bootstrap_client_test
Command: "/home/grey_0ne/Work/Projects/BreachTeam_Commando/build/bootstrap_client_test"
Directory: /home/grey_0ne/Work/Projects/BreachTeam_Commando/build
"bootstrap_client_test" start time: May 04 19:07 +04
Output:
----------------------------------------------------------
<end of output>
Test time =   0.00 sec
----------------------------------------------------------
Test Passed.
"bootstrap_client_test" end time: May 04 19:07 +04
"bootstrap_client_test" time elapsed: 00:00:00
----------------------------------------------------------

5/5 Testing: input_pipeline_test
5/5 Test: input_pipeline_test
Command: "/home/grey_0ne/Work/Projects/BreachTeam_Commando/build/input_pipeline_test"
Directory: /home/grey_0ne/Work/Projects/BreachTeam_Commando/build
"input_pipeline_test" start time: May 04 19:07 +04
Output:
----------------------------------------------------------
<end of output>
Test time =   0.00 sec
----------------------------------------------------------
Test Passed.
"input_pipeline_test" end time: May 04 19:07 +04
"input_pipeline_test" time elapsed: 00:00:00
----------------------------------------------------------

End testing: May 04 19:07 +04
