Start testing: May 10 00:21 +04
----------------------------------------------------------
1/6 Testing: host_candidates_test
1/6 Test: host_candidates_test
Command: "/home/grey_0ne/Work/Projects/BreachTeam_Commando/build/host_candidates_test"
Directory: /home/grey_0ne/Work/Projects/BreachTeam_Commando/build
"host_candidates_test" start time: May 10 00:21 +04
Output:
----------------------------------------------------------
<end of output>
Test time =   0.00 sec
----------------------------------------------------------
Test Passed.
"host_candidates_test" end time: May 10 00:21 +04
"host_candidates_test" time elapsed: 00:00:00
----------------------------------------------------------

2/6 Testing: protocol_test
2/6 Test: protocol_test
Command: "/home/grey_0ne/Work/Projects/BreachTeam_Commando/build/protocol_test"
Directory: /home/grey_0ne/Work/Projects/BreachTeam_Commando/build
"protocol_test" start time: May 10 00:21 +04
Output:
----------------------------------------------------------
<end of output>
Test time =   0.00 sec
----------------------------------------------------------
Test Passed.
"protocol_test" end time: May 10 00:21 +04
"protocol_test" time elapsed: 00:00:00
----------------------------------------------------------

3/6 Testing: migration_manager_test
3/6 Test: migration_manager_test
Command: "/home/grey_0ne/Work/Projects/BreachTeam_Commando/build/migration_manager_test"
Directory: /home/grey_0ne/Work/Projects/BreachTeam_Commando/build
"migration_manager_test" start time: May 10 00:21 +04
Output:
----------------------------------------------------------
<end of output>
Test time =   0.00 sec
----------------------------------------------------------
Test Passed.
"migration_manager_test" end time: May 10 00:21 +04
"migration_manager_test" time elapsed: 00:00:00
----------------------------------------------------------

4/6 Testing: bootstrap_client_test
4/6 Test: bootstrap_client_test
Command: "/home/grey_0ne/Work/Projects/BreachTeam_Commando/build/bootstrap_client_test"
Directory: /home/grey_0ne/Work/Projects/BreachTeam_Commando/build
"bootstrap_client_test" start time: May 10 00:21 +04
Output:
----------------------------------------------------------
<end of output>
Test time =   0.00 sec
----------------------------------------------------------
Test Passed.
"bootstrap_client_test" end time: May 10 00:21 +04
"bootstrap_client_test" time elapsed: 00:00:00
----------------------------------------------------------

5/6 Testing: input_pipeline_test
5/6 Test: input_pipeline_test
Command: "/home/grey_0ne/Work/Projects/BreachTeam_Commando/build/input_pipeline_test"
Directory: /home/grey_0ne/Work/Projects/BreachTeam_Commando/build
"input_pipeline_test" start time: May 10 00:21 +04
Output:
----------------------------------------------------------
<end of output>
Test time =   0.00 sec
----------------------------------------------------------
Test Passed.
"input_pipeline_test" end time: May 10 00:21 +04
"input_pipeline_test" time elapsed: 00:00:00
----------------------------------------------------------

6/6 Testing: enet_transport_test
6/6 Test: enet_transport_test
Command: "/home/grey_0ne/Work/Projects/BreachTeam_Commando/build/enet_transport_test"
Directory: /home/grey_0ne/Work/Projects/BreachTeam_Commando/build
"enet_transport_test" start time: May 10 00:21 +04
Output:
----------------------------------------------------------
<end of output>
Test time =   0.00 sec
----------------------------------------------------------
Test Passed.
"enet_transport_test" end time: May 10 00:21 +04
"enet_transport_test" time elapsed: 00:00:00
----------------------------------------------------------

End testing: May 10 00:21 +04
